{"C:/Users/henry.salazar/Documents/SOFKA_U/06-context-api-2/src/app/containers/PrincipalContainer.tsx": {"path":"C:/Users/henry.salazar/Documents/SOFKA_U/06-context-api-2/src/app/containers/PrincipalContainer.tsx","statementMap":{"0":{"start":{"line":5,"column":34},"end":{"line":15,"column":2}},"1":{"start":{"line":7,"column":45},"end":{"line":7,"column":null}},"2":{"start":{"line":8,"column":51},"end":{"line":8,"column":null}}},"fnMap":{"0":{"name":"(anonymous_0)","decl":{"start":{"line":5,"column":34},"end":{"line":5,"column":null}},"loc":{"start":{"line":5,"column":34},"end":{"line":15,"column":2}}}},"branchMap":{},"s":{"0":0,"1":0,"2":0},"f":{"0":0},"b":{}}
,"C:/Users/henry.salazar/Documents/SOFKA_U/06-context-api-2/src/app/state/GameContext.tsx": {"path":"C:/Users/henry.salazar/Documents/SOFKA_U/06-context-api-2/src/app/state/GameContext.tsx","statementMap":{"0":{"start":{"line":6,"column":20},"end":{"line":6,"column":null}},"1":{"start":{"line":8,"column":51},"end":{"line":16,"column":2}},"2":{"start":{"line":9,"column":28},"end":{"line":9,"column":null}}},"fnMap":{"0":{"name":"(anonymous_0)","decl":{"start":{"line":6,"column":76},"end":{"line":6,"column":83}},"loc":{"start":{"line":6,"column":76},"end":{"line":6,"column":84}}},"1":{"name":"(anonymous_1)","decl":{"start":{"line":8,"column":51},"end":{"line":8,"column":52}},"loc":{"start":{"line":8,"column":64},"end":{"line":16,"column":2}}}},"branchMap":{},"s":{"0":0,"1":0,"2":0},"f":{"0":0,"1":0},"b":{}}
,"C:/Users/henry.salazar/Documents/SOFKA_U/06-context-api-2/src/app/state/reducer.ts": {"path":"C:/Users/henry.salazar/Documents/SOFKA_U/06-context-api-2/src/app/state/reducer.ts","statementMap":{"0":{"start":{"line":5,"column":28},"end":{"line":7,"column":2}},"1":{"start":{"line":9,"column":23},"end":{"line":12,"column":2}},"2":{"start":{"line":10,"column":16},"end":{"line":10,"column":null}},"3":{"start":{"line":11,"column":2},"end":{"line":11,"column":null}}},"fnMap":{"0":{"name":"(anonymous_0)","decl":{"start":{"line":9,"column":23},"end":{"line":9,"column":24}},"loc":{"start":{"line":9,"column":42},"end":{"line":12,"column":2}}}},"branchMap":{"0":{"loc":{"start":{"line":11,"column":9},"end":{"line":11,"column":null}},"type":"binary-expr","locations":[{"start":{"line":11,"column":9},"end":{"line":11,"column":54}},{"start":{"line":11,"column":54},"end":{"line":11,"column":null}}]}},"s":{"0":0,"1":0,"2":0,"3":0},"f":{"0":0},"b":{"0":[0,0]}}
,"C:/Users/henry.salazar/Documents/SOFKA_U/06-context-api-2/src/app/state/board/actions.ts": {"path":"C:/Users/henry.salazar/Documents/SOFKA_U/06-context-api-2/src/app/state/board/actions.ts","statementMap":{"0":{"start":{"line":3,"column":28},"end":{"line":6,"column":2}},"1":{"start":{"line":8,"column":25},"end":{"line":11,"column":3}},"2":{"start":{"line":8,"column":51},"end":{"line":11,"column":3}},"3":{"start":{"line":13,"column":25},"end":{"line":16,"column":3}},"4":{"start":{"line":13,"column":32},"end":{"line":16,"column":3}}},"fnMap":{"0":{"name":"(anonymous_0)","decl":{"start":{"line":8,"column":25},"end":{"line":8,"column":26}},"loc":{"start":{"line":8,"column":51},"end":{"line":11,"column":3}}},"1":{"name":"(anonymous_1)","decl":{"start":{"line":13,"column":25},"end":{"line":13,"column":32}},"loc":{"start":{"line":13,"column":32},"end":{"line":16,"column":3}}}},"branchMap":{},"s":{"0":0,"1":0,"2":0,"3":0,"4":0},"f":{"0":0,"1":0},"b":{}}
,"C:/Users/henry.salazar/Documents/SOFKA_U/06-context-api-2/src/app/state/board/index.ts": {"path":"C:/Users/henry.salazar/Documents/SOFKA_U/06-context-api-2/src/app/state/board/index.ts","statementMap":{"0":{"start":{"line":6,"column":41},"end":{"line":12,"column":2}},"1":{"start":{"line":14,"column":26},"end":{"line":60,"column":2}},"2":{"start":{"line":16,"column":24},"end":{"line":16,"column":null}},"3":{"start":{"line":18,"column":23},"end":{"line":18,"column":null}},"4":{"start":{"line":18,"column":48},"end":{"line":18,"column":null}},"5":{"start":{"line":20,"column":23},"end":{"line":20,"column":null}},"6":{"start":{"line":21,"column":6},"end":{"line":26,"column":null}},"7":{"start":{"line":21,"column":21},"end":{"line":21,"column":24}},"8":{"start":{"line":22,"column":8},"end":{"line":25,"column":null}},"9":{"start":{"line":23,"column":10},"end":{"line":23,"column":null}},"10":{"start":{"line":24,"column":10},"end":{"line":24,"column":null}},"11":{"start":{"line":28,"column":6},"end":{"line":28,"column":null}},"12":{"start":{"line":28,"column":45},"end":{"line":28,"column":null}},"13":{"start":{"line":30,"column":6},"end":{"line":30,"column":null}},"14":{"start":{"line":32,"column":24},"end":{"line":36,"column":null}},"15":{"start":{"line":39,"column":21},"end":{"line":40,"column":null}},"16":{"start":{"line":40,"column":8},"end":{"line":40,"column":null}},"17":{"start":{"line":40,"column":28},"end":{"line":40,"column":null}},"18":{"start":{"line":43,"column":6},"end":{"line":53,"column":null}},"19":{"start":{"line":56,"column":4},"end":{"line":58,"column":null}}},"fnMap":{"0":{"name":"(anonymous_0)","decl":{"start":{"line":15,"column":29},"end":{"line":15,"column":30}},"loc":{"start":{"line":15,"column":45},"end":{"line":54,"column":null}}},"1":{"name":"(anonymous_1)","decl":{"start":{"line":18,"column":39},"end":{"line":18,"column":40}},"loc":{"start":{"line":18,"column":48},"end":{"line":18,"column":null}}},"2":{"name":"(anonymous_2)","decl":{"start":{"line":39,"column":36},"end":{"line":39,"column":37}},"loc":{"start":{"line":40,"column":8},"end":{"line":40,"column":null}}},"3":{"name":"(anonymous_3)","decl":{"start":{"line":40,"column":18},"end":{"line":40,"column":19}},"loc":{"start":{"line":40,"column":28},"end":{"line":40,"column":null}}},"4":{"name":"(anonymous_4)","decl":{"start":{"line":55,"column":29},"end":{"line":55,"column":null}},"loc":{"start":{"line":55,"column":29},"end":{"line":59,"column":null}}}},"branchMap":{"0":{"loc":{"start":{"line":22,"column":8},"end":{"line":25,"column":null}},"type":"if","locations":[{"start":{"line":22,"column":8},"end":{"line":25,"column":null}},{"start":{},"end":{}}]},"1":{"loc":{"start":{"line":28,"column":6},"end":{"line":28,"column":null}},"type":"if","locations":[{"start":{"line":28,"column":6},"end":{"line":28,"column":null}},{"start":{},"end":{}}]},"2":{"loc":{"start":{"line":28,"column":10},"end":{"line":28,"column":43}},"type":"binary-expr","locations":[{"start":{"line":28,"column":10},"end":{"line":28,"column":31}},{"start":{"line":28,"column":31},"end":{"line":28,"column":43}}]},"3":{"loc":{"start":{"line":47,"column":10},"end":{"line":49,"column":28}},"type":"cond-expr","locations":[{"start":{"line":48,"column":14},"end":{"line":48,"column":28}},{"start":{"line":49,"column":14},"end":{"line":49,"column":28}}]}},"s":{"0":0,"1":0,"2":0,"3":0,"4":0,"5":0,"6":0,"7":0,"8":0,"9":0,"10":0,"11":0,"12":0,"13":0,"14":0,"15":0,"16":0,"17":0,"18":0,"19":0},"f":{"0":0,"1":0,"2":0,"3":0,"4":0},"b":{"0":[0,0],"1":[0,0],"2":[0,0],"3":[0,0]}}
,"C:/Users/henry.salazar/Documents/SOFKA_U/06-context-api-2/src/app/ui/components/Board/index.tsx": {"path":"C:/Users/henry.salazar/Documents/SOFKA_U/06-context-api-2/src/app/ui/components/Board/index.tsx","statementMap":{"0":{"start":{"line":11,"column":31},"end":{"line":21,"column":2}}},"fnMap":{"0":{"name":"(anonymous_0)","decl":{"start":{"line":11,"column":31},"end":{"line":11,"column":32}},"loc":{"start":{"line":11,"column":51},"end":{"line":21,"column":2}}}},"branchMap":{},"s":{"0":2},"f":{"0":7},"b":{}}
,"C:/Users/henry.salazar/Documents/SOFKA_U/06-context-api-2/src/app/ui/components/Cell/index.tsx": {"path":"C:/Users/henry.salazar/Documents/SOFKA_U/06-context-api-2/src/app/ui/components/Cell/index.tsx","statementMap":{"0":{"start":{"line":9,"column":35},"end":{"line":17,"column":2}}},"fnMap":{"0":{"name":"(anonymous_0)","decl":{"start":{"line":9,"column":35},"end":{"line":9,"column":36}},"loc":{"start":{"line":9,"column":45},"end":{"line":17,"column":2}}}},"branchMap":{},"s":{"0":4},"f":{"0":156},"b":{}}
,"C:/Users/henry.salazar/Documents/SOFKA_U/06-context-api-2/src/app/ui/components/Column/index.tsx": {"path":"C:/Users/henry.salazar/Documents/SOFKA_U/06-context-api-2/src/app/ui/components/Column/index.tsx","statementMap":{"0":{"start":{"line":12,"column":39},"end":{"line":21,"column":2}},"1":{"start":{"line":14,"column":58},"end":{"line":14,"column":null}},"2":{"start":{"line":15,"column":5},"end":{"line":15,"column":28}}},"fnMap":{"0":{"name":"(anonymous_0)","decl":{"start":{"line":12,"column":39},"end":{"line":12,"column":40}},"loc":{"start":{"line":12,"column":74},"end":{"line":21,"column":2}}},"1":{"name":"(anonymous_1)","decl":{"start":{"line":14,"column":51},"end":{"line":14,"column":58}},"loc":{"start":{"line":14,"column":51},"end":{"line":15,"column":null}}}},"branchMap":{},"s":{"0":3,"1":4,"2":4},"f":{"0":38,"1":4},"b":{}}
,"C:/Users/henry.salazar/Documents/SOFKA_U/06-context-api-2/src/app/ui/components/Game/index.tsx": {"path":"C:/Users/henry.salazar/Documents/SOFKA_U/06-context-api-2/src/app/ui/components/Game/index.tsx","statementMap":{"0":{"start":{"line":15,"column":31},"end":{"line":34,"column":1}}},"fnMap":{"0":{"name":"(anonymous_0)","decl":{"start":{"line":15,"column":31},"end":{"line":15,"column":32}},"loc":{"start":{"line":22,"column":1},"end":{"line":34,"column":1}}}},"branchMap":{"0":{"loc":{"start":{"line":29,"column":34},"end":{"line":29,"column":68}},"type":"binary-expr","locations":[{"start":{"line":29,"column":34},"end":{"line":29,"column":44}},{"start":{"line":29,"column":44},"end":{"line":29,"column":68}}]},"1":{"loc":{"start":{"line":30,"column":34},"end":{"line":30,"column":51}},"type":"binary-expr","locations":[{"start":{"line":30,"column":34},"end":{"line":30,"column":44}},{"start":{"line":30,"column":44},"end":{"line":30,"column":51}}]}},"s":{"0":1},"f":{"0":6},"b":{"0":[6,1],"1":[6,1]}}
,"C:/Users/henry.salazar/Documents/SOFKA_U/06-context-api-2/src/app/ui/layouts/principalLayout.tsx": {"path":"C:/Users/henry.salazar/Documents/SOFKA_U/06-context-api-2/src/app/ui/layouts/principalLayout.tsx","statementMap":{"0":{"start":{"line":8,"column":42},"end":{"line":14,"column":2}}},"fnMap":{"0":{"name":"(anonymous_0)","decl":{"start":{"line":8,"column":42},"end":{"line":8,"column":43}},"loc":{"start":{"line":8,"column":53},"end":{"line":14,"column":2}}}},"branchMap":{},"s":{"0":0},"f":{"0":0},"b":{}}
,"C:/Users/henry.salazar/Documents/SOFKA_U/06-context-api-2/src/core/constants/index.ts": {"path":"C:/Users/henry.salazar/Documents/SOFKA_U/06-context-api-2/src/core/constants/index.ts","statementMap":{"0":{"start":{"line":1,"column":26},"end":{"line":6,"column":2}}},"fnMap":{},"branchMap":{},"s":{"0":0},"f":{},"b":{}}
,"C:/Users/henry.salazar/Documents/SOFKA_U/06-context-api-2/src/core/hooks/useGameContext.tsx": {"path":"C:/Users/henry.salazar/Documents/SOFKA_U/06-context-api-2/src/core/hooks/useGameContext.tsx","statementMap":{"0":{"start":{"line":5,"column":30},"end":{"line":19,"column":2}},"1":{"start":{"line":6,"column":28},"end":{"line":6,"column":null}},"2":{"start":{"line":8,"column":21},"end":{"line":12,"column":null}},"3":{"start":{"line":9,"column":4},"end":{"line":11,"column":null}},"4":{"start":{"line":10,"column":6},"end":{"line":10,"column":null}},"5":{"start":{"line":14,"column":22},"end":{"line":16,"column":null}},"6":{"start":{"line":15,"column":4},"end":{"line":15,"column":null}},"7":{"start":{"line":18,"column":2},"end":{"line":18,"column":null}}},"fnMap":{"0":{"name":"(anonymous_0)","decl":{"start":{"line":5,"column":30},"end":{"line":5,"column":null}},"loc":{"start":{"line":5,"column":30},"end":{"line":19,"column":2}}},"1":{"name":"(anonymous_1)","decl":{"start":{"line":8,"column":21},"end":{"line":8,"column":22}},"loc":{"start":{"line":8,"column":22},"end":{"line":12,"column":null}}},"2":{"name":"(anonymous_2)","decl":{"start":{"line":14,"column":22},"end":{"line":14,"column":null}},"loc":{"start":{"line":14,"column":22},"end":{"line":16,"column":null}}}},"branchMap":{"0":{"loc":{"start":{"line":9,"column":4},"end":{"line":11,"column":null}},"type":"if","locations":[{"start":{"line":9,"column":4},"end":{"line":11,"column":null}},{"start":{},"end":{}}]}},"s":{"0":0,"1":0,"2":0,"3":0,"4":0,"5":0,"6":0,"7":0},"f":{"0":0,"1":0,"2":0},"b":{"0":[0,0]}}
,"C:/Users/henry.salazar/Documents/SOFKA_U/06-context-api-2/src/core/interfaces/index.ts": {"path":"C:/Users/henry.salazar/Documents/SOFKA_U/06-context-api-2/src/core/interfaces/index.ts","statementMap":{"0":{"start":{"line":1,"column":12},"end":{"line":4,"column":null}},"1":{"start":{"line":1,"column":12},"end":{"line":1,"column":null}},"2":{"start":{"line":8,"column":12},"end":{"line":11,"column":null}},"3":{"start":{"line":8,"column":12},"end":{"line":8,"column":null}}},"fnMap":{"0":{"name":"(anonymous_0)","decl":{"start":{"line":1,"column":12},"end":{"line":1,"column":null}},"loc":{"start":{"line":1,"column":12},"end":{"line":4,"column":null}}},"1":{"name":"(anonymous_1)","decl":{"start":{"line":8,"column":12},"end":{"line":8,"column":null}},"loc":{"start":{"line":8,"column":12},"end":{"line":11,"column":null}}}},"branchMap":{},"s":{"0":4,"1":4,"2":4,"3":4},"f":{"0":4,"1":4},"b":{}}
,"C:/Users/henry.salazar/Documents/SOFKA_U/06-context-api-2/src/core/utils/checkForFourInARow.ts": {"path":"C:/Users/henry.salazar/Documents/SOFKA_U/06-context-api-2/src/core/utils/checkForFourInARow.ts","statementMap":{"0":{"start":{"line":4,"column":34},"end":{"line":41,"column":2}},"1":{"start":{"line":10,"column":26},"end":{"line":31,"column":null}},"2":{"start":{"line":11,"column":16},"end":{"line":11,"column":null}},"3":{"start":{"line":12,"column":12},"end":{"line":12,"column":null}},"4":{"start":{"line":13,"column":12},"end":{"line":13,"column":null}},"5":{"start":{"line":15,"column":4},"end":{"line":19,"column":null}},"6":{"start":{"line":16,"column":6},"end":{"line":16,"column":null}},"7":{"start":{"line":17,"column":6},"end":{"line":17,"column":null}},"8":{"start":{"line":18,"column":6},"end":{"line":18,"column":null}},"9":{"start":{"line":21,"column":4},"end":{"line":21,"column":null}},"10":{"start":{"line":22,"column":4},"end":{"line":22,"column":null}},"11":{"start":{"line":24,"column":4},"end":{"line":28,"column":null}},"12":{"start":{"line":25,"column":6},"end":{"line":25,"column":null}},"13":{"start":{"line":26,"column":6},"end":{"line":26,"column":null}},"14":{"start":{"line":27,"column":6},"end":{"line":27,"column":null}},"15":{"start":{"line":30,"column":4},"end":{"line":30,"column":null}},"16":{"start":{"line":33,"column":2},"end":{"line":38,"column":null}},"17":{"start":{"line":34,"column":24},"end":{"line":34,"column":null}},"18":{"start":{"line":35,"column":4},"end":{"line":37,"column":null}},"19":{"start":{"line":36,"column":6},"end":{"line":36,"column":null}},"20":{"start":{"line":40,"column":2},"end":{"line":40,"column":null}}},"fnMap":{"0":{"name":"(anonymous_0)","decl":{"start":{"line":4,"column":34},"end":{"line":4,"column":null}},"loc":{"start":{"line":8,"column":2},"end":{"line":41,"column":2}}},"1":{"name":"(anonymous_1)","decl":{"start":{"line":10,"column":26},"end":{"line":10,"column":27}},"loc":{"start":{"line":10,"column":41},"end":{"line":31,"column":null}}}},"branchMap":{"0":{"loc":{"start":{"line":15,"column":11},"end":{"line":15,"column":73}},"type":"binary-expr","locations":[{"start":{"line":15,"column":11},"end":{"line":15,"column":21}},{"start":{"line":15,"column":21},"end":{"line":15,"column":30}},{"start":{"line":15,"column":30},"end":{"line":15,"column":40}},{"start":{"line":15,"column":40},"end":{"line":15,"column":49}},{"start":{"line":15,"column":49},"end":{"line":15,"column":73}}]},"1":{"loc":{"start":{"line":24,"column":11},"end":{"line":24,"column":73}},"type":"binary-expr","locations":[{"start":{"line":24,"column":11},"end":{"line":24,"column":21}},{"start":{"line":24,"column":21},"end":{"line":24,"column":30}},{"start":{"line":24,"column":30},"end":{"line":24,"column":40}},{"start":{"line":24,"column":40},"end":{"line":24,"column":49}},{"start":{"line":24,"column":49},"end":{"line":24,"column":73}}]},"2":{"loc":{"start":{"line":35,"column":4},"end":{"line":37,"column":null}},"type":"if","locations":[{"start":{"line":35,"column":4},"end":{"line":37,"column":null}},{"start":{},"end":{}}]}},"s":{"0":0,"1":0,"2":0,"3":0,"4":0,"5":0,"6":0,"7":0,"8":0,"9":0,"10":0,"11":0,"12":0,"13":0,"14":0,"15":0,"16":0,"17":0,"18":0,"19":0,"20":0},"f":{"0":0,"1":0},"b":{"0":[0,0,0,0,0],"1":[0,0,0,0,0],"2":[0,0]}}
,"C:/Users/henry.salazar/Documents/SOFKA_U/06-context-api-2/src/routes/index.tsx": {"path":"C:/Users/henry.salazar/Documents/SOFKA_U/06-context-api-2/src/routes/index.tsx","statementMap":{"0":{"start":{"line":5,"column":22},"end":{"line":10,"column":3}}},"fnMap":{},"branchMap":{},"s":{"0":0},"f":{},"b":{}}
}
